<?xml version="1.0" encoding="UTF-8"?>
<!-- Generated by org.testng.reporters.JUnitXMLReporter -->
<testsuite hostname="LAPTOP-D7GGNOQ4" ignored="8" name="Test" tests="5" failures="4" timestamp="2020-09-17T19:04:37 IST" time="9.165" errors="0">
  <testcase name="ElementTextBox" time="1.284" classname="com.samir.automationframework.pomautomationframework.ElementTextBoxTest"/>
  <testcase name="ElementWebTable" time="0.013" classname="com.samir.automationframework.pomautomationframework.ElementWebTableTest">
    <failure type="java.lang.NullPointerException">
      <![CDATA[java.lang.NullPointerException
at java.util.Objects.requireNonNull(Objects.java:203)
at org.openqa.selenium.support.ui.FluentWait.<init>(FluentWait.java:106)
at org.openqa.selenium.support.ui.WebDriverWait.<init>(WebDriverWait.java:85)
at org.openqa.selenium.support.ui.WebDriverWait.<init>(WebDriverWait.java:45)
at DOMEvents.AbstractPageEvents.GetTextFromList(AbstractPageEvents.java:97)
at com.samir.automationframework.pomautomationframework.ElementsWebTablePage.GetRowContents(ElementsWebTablePage.java:46)
at com.samir.automationframework.pomautomationframework.ElementWebTableTest.ElementWebTable(ElementWebTableTest.java:26)
at java.util.ArrayList.forEach(ArrayList.java:1255)
... Removed 27 stack frames]]>
    </failure>
  </testcase> <!-- ElementWebTable -->
  <testcase name="ElementsButtons" time="0.005" classname="com.samir.automationframework.pomautomationframework.ElementsButtonsTest">
    <failure type="java.lang.NullPointerException">
      <![CDATA[java.lang.NullPointerException
at java.util.Objects.requireNonNull(Objects.java:203)
at org.openqa.selenium.support.ui.FluentWait.<init>(FluentWait.java:106)
at org.openqa.selenium.support.ui.WebDriverWait.<init>(WebDriverWait.java:85)
at org.openqa.selenium.support.ui.WebDriverWait.<init>(WebDriverWait.java:45)
at DOMEvents.AbstractPageEvents.DoubleClick(AbstractPageEvents.java:103)
at com.samir.automationframework.pomautomationframework.ElementsButtonsPage.Click_DoubleClickMe_Button(ElementsButtonsPage.java:16)
at com.samir.automationframework.pomautomationframework.ElementsButtonsTest.ElementsButtons(ElementsButtonsTest.java:17)
at java.util.ArrayList.forEach(ArrayList.java:1255)
... Removed 27 stack frames]]>
    </failure>
  </testcase> <!-- ElementsButtons -->
  <testcase name="Slider" time="0.005" classname="com.samir.automationframework.pomautomationframework.SliderTest">
    <failure type="java.lang.NullPointerException">
      <![CDATA[java.lang.NullPointerException
at java.util.Objects.requireNonNull(Objects.java:203)
at org.openqa.selenium.support.ui.FluentWait.<init>(FluentWait.java:106)
at org.openqa.selenium.support.ui.WebDriverWait.<init>(WebDriverWait.java:85)
at org.openqa.selenium.support.ui.WebDriverWait.<init>(WebDriverWait.java:45)
at DOMEvents.AbstractPageEvents.MoveSlider(AbstractPageEvents.java:128)
at com.samir.automationframework.pomautomationframework.SliderPage.MoveSliderInPage(SliderPage.java:16)
at com.samir.automationframework.pomautomationframework.SliderTest.Slider(SliderTest.java:22)
at java.util.ArrayList.forEach(ArrayList.java:1255)
... Removed 27 stack frames]]>
    </failure>
  </testcase> <!-- Slider -->
  <testcase name="TabsWindows" time="0.005" classname="com.samir.automationframework.pomautomationframework.TabsWindowsTest">
    <failure type="java.lang.NullPointerException">
      <![CDATA[java.lang.NullPointerException
at DOMEvents.AbstractPageEvents.SwitchToLastWindow(AbstractPageEvents.java:115)
at com.samir.automationframework.pomautomationframework.AlertsBrowserWindowsPage.SwitchToNewTabAndGetMessage(AlertsBrowserWindowsPage.java:33)
at com.samir.automationframework.pomautomationframework.TabsWindowsTest.TabsWindows(TabsWindowsTest.java:19)
at java.util.ArrayList.forEach(ArrayList.java:1255)
... Removed 27 stack frames]]>
    </failure>
  </testcase> <!-- TabsWindows -->
  <testcase name="@BeforeTest setup" time="0.0" classname="com.samir.automationframework.pomautomationframework.BaseTest">
    <ignored/>
  </testcase> <!-- @BeforeTest setup -->
  <testcase name="@BeforeTest setup" time="0.0" classname="com.samir.automationframework.pomautomationframework.BaseTest">
    <ignored/>
  </testcase> <!-- @BeforeTest setup -->
  <testcase name="@BeforeTest setup" time="0.0" classname="com.samir.automationframework.pomautomationframework.BaseTest">
    <ignored/>
  </testcase> <!-- @BeforeTest setup -->
  <testcase name="@BeforeTest setup" time="0.0" classname="com.samir.automationframework.pomautomationframework.BaseTest">
    <ignored/>
  </testcase> <!-- @BeforeTest setup -->
  <testcase name="@AfterTest TearDown" time="0.0" classname="com.samir.automationframework.pomautomationframework.BaseTest">
    <ignored/>
  </testcase> <!-- @AfterTest TearDown -->
  <testcase name="@AfterTest TearDown" time="0.0" classname="com.samir.automationframework.pomautomationframework.BaseTest">
    <ignored/>
  </testcase> <!-- @AfterTest TearDown -->
  <testcase name="@AfterTest TearDown" time="0.0" classname="com.samir.automationframework.pomautomationframework.BaseTest">
    <ignored/>
  </testcase> <!-- @AfterTest TearDown -->
  <testcase name="@AfterTest TearDown" time="0.0" classname="com.samir.automationframework.pomautomationframework.BaseTest">
    <ignored/>
  </testcase> <!-- @AfterTest TearDown -->
</testsuite> <!-- Test -->
